<?xml version="1.0" encoding="utf-8"?>
<!DOCTYPE coverage SYSTEM "http://cobertura.sourceforge.net/xml/coverage-04.dtd">
<coverage line-rate="0.46408393866020986" branch-rate="0.7327586206896551" lines-covered="575" lines-valid="1239" branches-covered="85" branches-valid="116" complexity="256" version="0" timestamp="1733267399">
  <sources>
    <source>D:\# Software Architecture\6SOAT\# Fase 4\quickfood-backend-pedido\src\</source>
  </sources>
  <packages>
    <package name="Api" line-rate="1" branch-rate="1" complexity="5">
      <classes>
        <class name="Api.Controllers.PedidosApiController" filename="D:\# Software Architecture\6SOAT\# Fase 4\quickfood-backend-pedido\src\Api\Controllers\PedidosApiController.cs" line-rate="1" branch-rate="1" complexity="5">
          <methods>
            <method name=".ctor" signature="(Controllers.IPedidoController,Core.Domain.Notificacoes.INotificador)" line-rate="1" branch-rate="1" complexity="1">
              <lines>
                <line number="12" hits="4" branch="false" />
              </lines>
            </method>
            <method name="CadastrarPedido" signature="()" line-rate="1" branch-rate="1" complexity="2">
              <lines>
                <line number="33" hits="2" branch="false" />
                <line number="34" hits="2" branch="true" condition-coverage="100% (2/2)" />
                <line number="35" hits="1" branch="false" />
                <line number="36" hits="1" branch="false" />
                <line number="39" hits="1" branch="false" />
                <line number="41" hits="1" branch="false" />
                <line number="42" hits="2" branch="false" />
              </lines>
            </method>
            <method name="ObterTodosPedidos" signature="()" line-rate="1" branch-rate="1" complexity="1">
              <lines>
                <line number="16" hits="1" branch="false" />
                <line number="17" hits="1" branch="false" />
                <line number="19" hits="1" branch="false" />
                <line number="20" hits="1" branch="false" />
              </lines>
            </method>
            <method name="ObterTodosPedidosOrdenados" signature="()" line-rate="1" branch-rate="1" complexity="1">
              <lines>
                <line number="24" hits="1" branch="false" />
                <line number="25" hits="1" branch="false" />
                <line number="27" hits="1" branch="false" />
                <line number="28" hits="1" branch="false" />
              </lines>
            </method>
          </methods>
          <lines>
            <line number="12" hits="4" branch="false" />
            <line number="16" hits="1" branch="false" />
            <line number="17" hits="1" branch="false" />
            <line number="19" hits="1" branch="false" />
            <line number="20" hits="1" branch="false" />
            <line number="24" hits="1" branch="false" />
            <line number="25" hits="1" branch="false" />
            <line number="27" hits="1" branch="false" />
            <line number="28" hits="1" branch="false" />
            <line number="33" hits="2" branch="false" />
            <line number="34" hits="2" branch="true" condition-coverage="100% (2/2)" />
            <line number="35" hits="1" branch="false" />
            <line number="36" hits="1" branch="false" />
            <line number="39" hits="1" branch="false" />
            <line number="41" hits="1" branch="false" />
            <line number="42" hits="2" branch="false" />
          </lines>
        </class>
      </classes>
    </package>
    <package name="Controllers" line-rate="1" branch-rate="1" complexity="5">
      <classes>
        <class name="Controllers.PedidoController" filename="D:\# Software Architecture\6SOAT\# Fase 4\quickfood-backend-pedido\src\Controllers\PedidoController.cs" line-rate="1" branch-rate="1" complexity="5">
          <methods>
            <method name=".ctor" signature="(UseCases.IPedidoUseCase)" line-rate="1" branch-rate="1" complexity="1">
              <lines>
                <line number="7" hits="4" branch="false" />
              </lines>
            </method>
            <method name="CadastrarPedidoAsync" signature="()" line-rate="1" branch-rate="1" complexity="2">
              <lines>
                <line number="10" hits="2" branch="false" />
                <line number="11" hits="2" branch="false" />
                <line number="13" hits="2" branch="false" />
                <line number="15" hits="10" branch="true" condition-coverage="100% (2/2)" />
                <line number="16" hits="2" branch="false" />
                <line number="17" hits="2" branch="false" />
                <line number="18" hits="2" branch="false" />
                <line number="20" hits="2" branch="false" />
                <line number="21" hits="2" branch="false" />
              </lines>
            </method>
            <method name="ObterTodosPedidosAsync" signature="()" line-rate="1" branch-rate="1" complexity="1">
              <lines>
                <line number="24" hits="1" branch="false" />
              </lines>
            </method>
            <method name="ObterTodosPedidosOrdenadosAsync" signature="()" line-rate="1" branch-rate="1" complexity="1">
              <lines>
                <line number="27" hits="1" branch="false" />
              </lines>
            </method>
          </methods>
          <lines>
            <line number="7" hits="4" branch="false" />
            <line number="10" hits="2" branch="false" />
            <line number="11" hits="2" branch="false" />
            <line number="13" hits="2" branch="false" />
            <line number="15" hits="10" branch="true" condition-coverage="100% (2/2)" />
            <line number="16" hits="2" branch="false" />
            <line number="17" hits="2" branch="false" />
            <line number="18" hits="2" branch="false" />
            <line number="20" hits="2" branch="false" />
            <line number="21" hits="2" branch="false" />
            <line number="24" hits="1" branch="false" />
            <line number="27" hits="1" branch="false" />
          </lines>
        </class>
      </classes>
    </package>
    <package name="Core.Domain" line-rate="1" branch-rate="0.8076923076923077" complexity="42">
      <classes>
        <class name="Core.Domain.Base.BaseUseCase" filename="D:\# Software Architecture\6SOAT\# Fase 4\quickfood-backend-pedido\src\BuildingBlocks\Core.Domain\Base\BaseUseCase.cs" line-rate="1" branch-rate="1" complexity="6">
          <methods>
            <method name="Notificar" signature="(FluentValidation.Results.ValidationResult)" line-rate="1" branch-rate="1" complexity="2">
              <lines>
                <line number="11" hits="2" branch="false" />
                <line number="12" hits="10" branch="true" condition-coverage="100% (2/2)" />
                <line number="13" hits="2" branch="false" />
                <line number="14" hits="2" branch="false" />
                <line number="15" hits="2" branch="false" />
                <line number="16" hits="2" branch="false" />
              </lines>
            </method>
            <method name="Notificar" signature="(System.String)" line-rate="1" branch-rate="1" complexity="1">
              <lines>
                <line number="19" hits="6" branch="false" />
              </lines>
            </method>
            <method name="ExecutarValidacao" signature="(TV,TE)" line-rate="1" branch-rate="1" complexity="2">
              <lines>
                <line number="22" hits="5" branch="false" />
                <line number="23" hits="5" branch="false" />
                <line number="25" hits="5" branch="true" condition-coverage="100% (2/2)" />
                <line number="26" hits="4" branch="false" />
                <line number="27" hits="4" branch="false" />
                <line number="30" hits="1" branch="false" />
                <line number="32" hits="1" branch="false" />
                <line number="33" hits="5" branch="false" />
              </lines>
            </method>
            <method name=".ctor" signature="(Core.Domain.Notificacoes.INotificador)" line-rate="1" branch-rate="1" complexity="1">
              <lines>
                <line number="8" hits="11" branch="false" />
              </lines>
            </method>
          </methods>
          <lines>
            <line number="8" hits="11" branch="false" />
            <line number="11" hits="2" branch="false" />
            <line number="12" hits="10" branch="true" condition-coverage="100% (2/2)" />
            <line number="13" hits="2" branch="false" />
            <line number="14" hits="2" branch="false" />
            <line number="15" hits="2" branch="false" />
            <line number="16" hits="2" branch="false" />
            <line number="19" hits="6" branch="false" />
            <line number="22" hits="5" branch="false" />
            <line number="23" hits="5" branch="false" />
            <line number="25" hits="5" branch="true" condition-coverage="100% (2/2)" />
            <line number="26" hits="4" branch="false" />
            <line number="27" hits="4" branch="false" />
            <line number="30" hits="1" branch="false" />
            <line number="32" hits="1" branch="false" />
            <line number="33" hits="5" branch="false" />
          </lines>
        </class>
        <class name="Core.Domain.DataAnnotations.RequiredGuidAttribute" filename="D:\# Software Architecture\6SOAT\# Fase 4\quickfood-backend-pedido\src\BuildingBlocks\Core.Domain\DataAnnotations\RequiredGuidAttribute.cs" line-rate="1" branch-rate="1" complexity="3">
          <methods>
            <method name="IsValid" signature="(System.Object)" line-rate="1" branch-rate="1" complexity="2">
              <lines>
                <line number="12" hits="4" branch="true" condition-coverage="100% (2/2)" />
              </lines>
            </method>
            <method name=".ctor" signature="()" line-rate="1" branch-rate="1" complexity="1">
              <lines>
                <line number="7" hits="8" branch="false" />
              </lines>
            </method>
          </methods>
          <lines>
            <line number="7" hits="8" branch="false" />
            <line number="12" hits="4" branch="true" condition-coverage="100% (2/2)" />
          </lines>
        </class>
        <class name="Core.Domain.Entities.DomainException" filename="D:\# Software Architecture\6SOAT\# Fase 4\quickfood-backend-pedido\src\BuildingBlocks\Core.Domain\Entities\DomainException.cs" line-rate="1" branch-rate="1" complexity="3">
          <methods>
            <method name=".ctor" signature="()" line-rate="1" branch-rate="1" complexity="1">
              <lines>
                <line number="5" hits="1" branch="false" />
                <line number="6" hits="2" branch="false" />
              </lines>
            </method>
            <method name=".ctor" signature="(System.String)" line-rate="1" branch-rate="1" complexity="1">
              <lines>
                <line number="8" hits="2" branch="false" />
                <line number="9" hits="4" branch="false" />
              </lines>
            </method>
            <method name=".ctor" signature="(System.String,System.Exception)" line-rate="1" branch-rate="1" complexity="1">
              <lines>
                <line number="11" hits="1" branch="false" />
                <line number="12" hits="2" branch="false" />
              </lines>
            </method>
          </methods>
          <lines>
            <line number="5" hits="1" branch="false" />
            <line number="6" hits="2" branch="false" />
            <line number="8" hits="2" branch="false" />
            <line number="9" hits="4" branch="false" />
            <line number="11" hits="1" branch="false" />
            <line number="12" hits="2" branch="false" />
          </lines>
        </class>
        <class name="Core.Domain.Notificacoes.Notificacao" filename="D:\# Software Architecture\6SOAT\# Fase 4\quickfood-backend-pedido\src\BuildingBlocks\Core.Domain\Notificacoes\Notificacao.cs" line-rate="1" branch-rate="1" complexity="2">
          <methods>
            <method name="get_Mensagem" signature="()" line-rate="1" branch-rate="1" complexity="1">
              <lines>
                <line number="5" hits="16" branch="false" />
              </lines>
            </method>
            <method name=".ctor" signature="(System.String)" line-rate="1" branch-rate="1" complexity="1">
              <lines>
                <line number="3" hits="10" branch="false" />
              </lines>
            </method>
          </methods>
          <lines>
            <line number="3" hits="10" branch="false" />
            <line number="5" hits="16" branch="false" />
          </lines>
        </class>
        <class name="Core.Domain.Notificacoes.Notificador" filename="D:\# Software Architecture\6SOAT\# Fase 4\quickfood-backend-pedido\src\BuildingBlocks\Core.Domain\Notificacoes\Notificador.cs" line-rate="1" branch-rate="1" complexity="4">
          <methods>
            <method name="Handle" signature="(Core.Domain.Notificacoes.Notificacao)" line-rate="1" branch-rate="1" complexity="1">
              <lines>
                <line number="11" hits="4" branch="false" />
              </lines>
            </method>
            <method name="ObterNotificacoes" signature="()" line-rate="1" branch-rate="1" complexity="1">
              <lines>
                <line number="14" hits="3" branch="false" />
              </lines>
            </method>
            <method name="TemNotificacao" signature="()" line-rate="1" branch-rate="1" complexity="1">
              <lines>
                <line number="17" hits="2" branch="false" />
              </lines>
            </method>
            <method name=".ctor" signature="()" line-rate="1" branch-rate="1" complexity="1">
              <lines>
                <line number="7" hits="5" branch="false" />
                <line number="8" hits="5" branch="false" />
              </lines>
            </method>
          </methods>
          <lines>
            <line number="7" hits="5" branch="false" />
            <line number="8" hits="5" branch="false" />
            <line number="11" hits="4" branch="false" />
            <line number="14" hits="3" branch="false" />
            <line number="17" hits="2" branch="false" />
          </lines>
        </class>
        <class name="Core.Domain.Validacoes.DigitoVerificador" filename="D:\# Software Architecture\6SOAT\# Fase 4\quickfood-backend-pedido\src\BuildingBlocks\Core.Domain\Validacoes\ValidadorCpf.cs" line-rate="1" branch-rate="0.7857142857142857" complexity="16">
          <methods>
            <method name="ComMultiplicadoresDeAte" signature="(System.Int32,System.Int32)" line-rate="1" branch-rate="1" complexity="2">
              <lines>
                <line number="56" hits="2" branch="false" />
                <line number="57" hits="2" branch="false" />
                <line number="59" hits="44" branch="true" condition-coverage="100% (2/2)" />
                <line number="60" hits="20" branch="false" />
                <line number="61" hits="20" branch="false" />
                <line number="62" hits="20" branch="false" />
                <line number="64" hits="2" branch="false" />
                <line number="65" hits="2" branch="false" />
              </lines>
            </method>
            <method name="Substituindo" signature="(System.String,System.Int32[])" line-rate="1" branch-rate="1" complexity="2">
              <lines>
                <line number="68" hits="2" branch="false" />
                <line number="69" hits="14" branch="true" condition-coverage="100% (2/2)" />
                <line number="70" hits="4" branch="false" />
                <line number="71" hits="4" branch="false" />
                <line number="72" hits="4" branch="false" />
                <line number="74" hits="2" branch="false" />
                <line number="75" hits="2" branch="false" />
              </lines>
            </method>
            <method name="AddDigito" signature="(System.String)" line-rate="1" branch-rate="1" complexity="1">
              <lines>
                <line number="78" hits="2" branch="false" />
              </lines>
            </method>
            <method name="CalculaDigito" signature="()" line-rate="1" branch-rate="0.5" complexity="2">
              <lines>
                <line number="80" hits="4" branch="true" condition-coverage="50% (1/2)" />
              </lines>
            </method>
            <method name="GetDigitSum" signature="()" line-rate="1" branch-rate="0.75" complexity="8">
              <lines>
                <line number="83" hits="4" branch="false" />
                <line number="84" hits="4" branch="false" />
                <line number="85" hits="88" branch="true" condition-coverage="100% (2/2)" />
                <line number="86" hits="38" branch="false" />
                <line number="87" hits="38" branch="false" />
                <line number="88" hits="38" branch="false" />
                <line number="90" hits="38" branch="true" condition-coverage="100% (2/2)" />
                <line number="91" hits="2" branch="false" />
                <line number="92" hits="2" branch="false" />
                <line number="93" hits="2" branch="false" />
                <line number="94" hits="38" branch="false" />
                <line number="96" hits="4" branch="false" />
                <line number="97" hits="4" branch="true" condition-coverage="50% (1/2)" />
                <line number="99" hits="4" branch="true" condition-coverage="50% (1/2)" />
                <line number="100" hits="4" branch="false" />
              </lines>
            </method>
            <method name=".ctor" signature="(System.String)" line-rate="1" branch-rate="1" complexity="1">
              <lines>
                <line number="48" hits="2" branch="false" />
                <line number="51" hits="2" branch="false" />
                <line number="52" hits="2" branch="false" />
                <line number="53" hits="2" branch="false" />
              </lines>
            </method>
          </methods>
          <lines>
            <line number="48" hits="2" branch="false" />
            <line number="51" hits="2" branch="false" />
            <line number="52" hits="2" branch="false" />
            <line number="53" hits="2" branch="false" />
            <line number="56" hits="2" branch="false" />
            <line number="57" hits="2" branch="false" />
            <line number="59" hits="44" branch="true" condition-coverage="100% (2/2)" />
            <line number="60" hits="20" branch="false" />
            <line number="61" hits="20" branch="false" />
            <line number="62" hits="20" branch="false" />
            <line number="64" hits="2" branch="false" />
            <line number="65" hits="2" branch="false" />
            <line number="68" hits="2" branch="false" />
            <line number="69" hits="14" branch="true" condition-coverage="100% (2/2)" />
            <line number="70" hits="4" branch="false" />
            <line number="71" hits="4" branch="false" />
            <line number="72" hits="4" branch="false" />
            <line number="74" hits="2" branch="false" />
            <line number="75" hits="2" branch="false" />
            <line number="78" hits="2" branch="false" />
            <line number="80" hits="4" branch="true" condition-coverage="50% (1/2)" />
            <line number="83" hits="4" branch="false" />
            <line number="84" hits="4" branch="false" />
            <line number="85" hits="88" branch="true" condition-coverage="100% (2/2)" />
            <line number="86" hits="38" branch="false" />
            <line number="87" hits="38" branch="false" />
            <line number="88" hits="38" branch="false" />
            <line number="90" hits="38" branch="true" condition-coverage="100% (2/2)" />
            <line number="91" hits="2" branch="false" />
            <line number="92" hits="2" branch="false" />
            <line number="93" hits="2" branch="false" />
            <line number="94" hits="38" branch="false" />
            <line number="96" hits="4" branch="false" />
            <line number="97" hits="4" branch="true" condition-coverage="50% (1/2)" />
            <line number="99" hits="4" branch="true" condition-coverage="50% (1/2)" />
            <line number="100" hits="4" branch="false" />
          </lines>
        </class>
        <class name="Core.Domain.Validacoes.ValidadorCpf" filename="D:\# Software Architecture\6SOAT\# Fase 4\quickfood-backend-pedido\src\BuildingBlocks\Core.Domain\Validacoes\ValidadorCpf.cs" line-rate="1" branch-rate="0.6666666666666666" complexity="8">
          <methods>
            <method name="Validar" signature="(System.String)" line-rate="1" branch-rate="1" complexity="4">
              <lines>
                <line number="8" hits="13" branch="false" />
                <line number="9" hits="13" branch="false" />
                <line number="11" hits="13" branch="true" condition-coverage="100% (4/4)" />
                <line number="12" hits="13" branch="false" />
                <line number="13" hits="13" branch="false" />
                <line number="14" hits="13" branch="false" />
              </lines>
            </method>
            <method name="RemoverCaracteresEspeciais" signature="(System.String)" line-rate="1" branch-rate="0" complexity="1">
              <lines>
                <line number="17" hits="13" branch="true" condition-coverage="0% (0/2)" />
              </lines>
            </method>
            <method name="TamanhoValido" signature="(System.String)" line-rate="1" branch-rate="1" complexity="1">
              <lines>
                <line number="20" hits="13" branch="false" />
              </lines>
            </method>
            <method name="TemDigitosRepetidos" signature="(System.String)" line-rate="1" branch-rate="1" complexity="1">
              <lines>
                <line number="23" hits="12" branch="false" />
                <line number="24" hits="12" branch="false" />
                <line number="25" hits="12" branch="false" />
                <line number="26" hits="12" branch="false" />
                <line number="27" hits="12" branch="false" />
                <line number="28" hits="12" branch="false" />
                <line number="29" hits="12" branch="false" />
                <line number="31" hits="12" branch="false" />
                <line number="32" hits="12" branch="false" />
              </lines>
            </method>
            <method name="TemDigitosValidos" signature="(System.String)" line-rate="1" branch-rate="1" complexity="1">
              <lines>
                <line number="35" hits="2" branch="false" />
                <line number="36" hits="2" branch="false" />
                <line number="37" hits="2" branch="false" />
                <line number="38" hits="2" branch="false" />
                <line number="39" hits="2" branch="false" />
                <line number="40" hits="2" branch="false" />
                <line number="41" hits="2" branch="false" />
                <line number="42" hits="2" branch="false" />
                <line number="44" hits="2" branch="false" />
                <line number="45" hits="2" branch="false" />
              </lines>
            </method>
          </methods>
          <lines>
            <line number="8" hits="13" branch="false" />
            <line number="9" hits="13" branch="false" />
            <line number="11" hits="13" branch="true" condition-coverage="100% (4/4)" />
            <line number="12" hits="13" branch="false" />
            <line number="13" hits="13" branch="false" />
            <line number="14" hits="13" branch="false" />
            <line number="17" hits="13" branch="true" condition-coverage="0% (0/2)" />
            <line number="20" hits="13" branch="false" />
            <line number="23" hits="12" branch="false" />
            <line number="24" hits="12" branch="false" />
            <line number="25" hits="12" branch="false" />
            <line number="26" hits="12" branch="false" />
            <line number="27" hits="12" branch="false" />
            <line number="28" hits="12" branch="false" />
            <line number="29" hits="12" branch="false" />
            <line number="31" hits="12" branch="false" />
            <line number="32" hits="12" branch="false" />
            <line number="35" hits="2" branch="false" />
            <line number="36" hits="2" branch="false" />
            <line number="37" hits="2" branch="false" />
            <line number="38" hits="2" branch="false" />
            <line number="39" hits="2" branch="false" />
            <line number="40" hits="2" branch="false" />
            <line number="41" hits="2" branch="false" />
            <line number="42" hits="2" branch="false" />
            <line number="44" hits="2" branch="false" />
            <line number="45" hits="2" branch="false" />
          </lines>
        </class>
      </classes>
    </package>
    <package name="Core.Infra.MessageBroker" line-rate="0.7083333333333334" branch-rate="1" complexity="7">
      <classes>
        <class name="Core.Infra.MessageBroker.DependencyInjection.ServiceCollectionExtensions" filename="D:\# Software Architecture\6SOAT\# Fase 4\quickfood-backend-pedido\src\BuildingBlocks\Core.Infra.MessageBroker\DependencyInjection\ServiceCollectionExtensions.cs" line-rate="0" branch-rate="1" complexity="1">
          <methods>
            <method name="AddAwsSqsMessageBroker" signature="(Microsoft.Extensions.DependencyInjection.IServiceCollection)" line-rate="0" branch-rate="1" complexity="1">
              <lines>
                <line number="10" hits="0" branch="false" />
                <line number="11" hits="0" branch="false" />
                <line number="12" hits="0" branch="false" />
                <line number="13" hits="0" branch="false" />
                <line number="14" hits="0" branch="false" />
                <line number="15" hits="0" branch="false" />
                <line number="17" hits="0" branch="false" />
                <line number="19" hits="0" branch="false" />
                <line number="20" hits="0" branch="false" />
              </lines>
            </method>
          </methods>
          <lines>
            <line number="10" hits="0" branch="false" />
            <line number="11" hits="0" branch="false" />
            <line number="12" hits="0" branch="false" />
            <line number="13" hits="0" branch="false" />
            <line number="14" hits="0" branch="false" />
            <line number="15" hits="0" branch="false" />
            <line number="17" hits="0" branch="false" />
            <line number="19" hits="0" branch="false" />
            <line number="20" hits="0" branch="false" />
          </lines>
        </class>
        <class name="Core.Infra.MessageBroker.SqsService`1" filename="D:\# Software Architecture\6SOAT\# Fase 4\quickfood-backend-pedido\src\BuildingBlocks\Core.Infra.MessageBroker\SqsService.cs" line-rate="0.8717948717948718" branch-rate="1" complexity="6">
          <methods>
            <method name="GetOptions" signature="()" line-rate="1" branch-rate="1" complexity="1">
              <lines>
                <line number="69" hits="1" branch="false" />
              </lines>
            </method>
            <method name=".ctor" signature="(Amazon.SQS.IAmazonSQS,System.String)" line-rate="1" branch-rate="1" complexity="1">
              <lines>
                <line number="13" hits="4" branch="false" />
              </lines>
            </method>
            <method name="ReceiveMessagesAsync" signature="()" line-rate="0.782608695652174" branch-rate="1" complexity="2">
              <lines>
                <line number="36" hits="2" branch="false" />
                <line number="37" hits="2" branch="false" />
                <line number="38" hits="2" branch="false" />
                <line number="39" hits="2" branch="false" />
                <line number="40" hits="2" branch="false" />
                <line number="41" hits="2" branch="false" />
                <line number="42" hits="2" branch="false" />
                <line number="44" hits="2" branch="false" />
                <line number="46" hits="7" branch="true" condition-coverage="100% (2/2)" />
                <line number="47" hits="1" branch="false" />
                <line number="49" hits="1" branch="false" />
                <line number="50" hits="1" branch="false" />
                <line number="52" hits="1" branch="false" />
                <line number="54" hits="1" branch="false" />
                <line number="56" hits="1" branch="false" />
                <line number="58" hits="1" branch="false" />
                <line number="60" hits="0" branch="false" />
                <line number="61" hits="0" branch="false" />
                <line number="62" hits="0" branch="false" />
                <line number="63" hits="0" branch="false" />
                <line number="64" hits="0" branch="false" />
                <line number="66" hits="1" branch="false" />
                <line number="67" hits="2" branch="false" />
              </lines>
            </method>
            <method name="SendMessageAsync" signature="()" line-rate="1" branch-rate="1" complexity="2">
              <lines>
                <line number="16" hits="2" branch="false" />
                <line number="17" hits="2" branch="false" />
                <line number="18" hits="2" branch="false" />
                <line number="19" hits="2" branch="false" />
                <line number="20" hits="2" branch="false" />
                <line number="21" hits="2" branch="false" />
                <line number="22" hits="2" branch="false" />
                <line number="24" hits="2" branch="false" />
                <line number="26" hits="2" branch="true" condition-coverage="100% (2/2)" />
                <line number="27" hits="1" branch="false" />
                <line number="28" hits="1" branch="false" />
                <line number="29" hits="1" branch="false" />
                <line number="32" hits="1" branch="false" />
                <line number="33" hits="2" branch="false" />
              </lines>
            </method>
          </methods>
          <lines>
            <line number="13" hits="4" branch="false" />
            <line number="16" hits="2" branch="false" />
            <line number="17" hits="2" branch="false" />
            <line number="18" hits="2" branch="false" />
            <line number="19" hits="2" branch="false" />
            <line number="20" hits="2" branch="false" />
            <line number="21" hits="2" branch="false" />
            <line number="22" hits="2" branch="false" />
            <line number="24" hits="2" branch="false" />
            <line number="26" hits="2" branch="true" condition-coverage="100% (2/2)" />
            <line number="27" hits="1" branch="false" />
            <line number="28" hits="1" branch="false" />
            <line number="29" hits="1" branch="false" />
            <line number="32" hits="1" branch="false" />
            <line number="33" hits="2" branch="false" />
            <line number="36" hits="2" branch="false" />
            <line number="37" hits="2" branch="false" />
            <line number="38" hits="2" branch="false" />
            <line number="39" hits="2" branch="false" />
            <line number="40" hits="2" branch="false" />
            <line number="41" hits="2" branch="false" />
            <line number="42" hits="2" branch="false" />
            <line number="44" hits="2" branch="false" />
            <line number="46" hits="7" branch="true" condition-coverage="100% (2/2)" />
            <line number="47" hits="1" branch="false" />
            <line number="49" hits="1" branch="false" />
            <line number="50" hits="1" branch="false" />
            <line number="52" hits="1" branch="false" />
            <line number="54" hits="1" branch="false" />
            <line number="56" hits="1" branch="false" />
            <line number="58" hits="1" branch="false" />
            <line number="60" hits="0" branch="false" />
            <line number="61" hits="0" branch="false" />
            <line number="62" hits="0" branch="false" />
            <line number="63" hits="0" branch="false" />
            <line number="64" hits="0" branch="false" />
            <line number="66" hits="1" branch="false" />
            <line number="67" hits="2" branch="false" />
            <line number="69" hits="1" branch="false" />
          </lines>
        </class>
      </classes>
    </package>
    <package name="Core.WebApi" line-rate="0.7358490566037735" branch-rate="1" complexity="4">
      <classes>
        <class name="Core.WebApi.Configurations.JwtBearerConfigureOptions" filename="D:\# Software Architecture\6SOAT\# Fase 4\quickfood-backend-pedido\src\BuildingBlocks\Core.WebApi\Configurations\JwtBearerConfigureOptions.cs" line-rate="1" branch-rate="1" complexity="2">
          <methods>
            <method name="get_Authority" signature="()" line-rate="1" branch-rate="1" complexity="1">
              <lines>
                <line number="5" hits="13" branch="false" />
              </lines>
            </method>
            <method name="get_MetadataAddress" signature="()" line-rate="1" branch-rate="1" complexity="1">
              <lines>
                <line number="6" hits="13" branch="false" />
              </lines>
            </method>
          </methods>
          <lines>
            <line number="5" hits="13" branch="false" />
            <line number="6" hits="13" branch="false" />
          </lines>
        </class>
        <class name="Core.WebApi.DependencyInjection.ServiceCollectionExtensions" filename="D:\# Software Architecture\6SOAT\# Fase 4\quickfood-backend-pedido\src\BuildingBlocks\Core.WebApi\DependencyInjection\ServiceCollectionExtensions.cs" line-rate="0.7254901960784313" branch-rate="1" complexity="2">
          <methods>
            <method name="AddApiDefautConfig" signature="(Microsoft.Extensions.DependencyInjection.IServiceCollection,Core.WebApi.Configurations.JwtBearerConfigureOptions)" line-rate="1" branch-rate="1" complexity="1">
              <lines>
                <line number="19" hits="1" branch="false" />
                <line number="20" hits="1" branch="false" />
                <line number="22" hits="1" branch="false" />
                <line number="23" hits="1" branch="false" />
                <line number="24" hits="1" branch="false" />
                <line number="25" hits="1" branch="false" />
                <line number="26" hits="1" branch="false" />
                <line number="27" hits="1" branch="false" />
                <line number="28" hits="2" branch="false" />
                <line number="30" hits="1" branch="false" />
                <line number="32" hits="1" branch="false" />
                <line number="33" hits="1" branch="false" />
                <line number="34" hits="1" branch="false" />
                <line number="35" hits="1" branch="false" />
                <line number="36" hits="1" branch="false" />
                <line number="37" hits="1" branch="false" />
                <line number="38" hits="1" branch="false" />
                <line number="39" hits="1" branch="false" />
                <line number="40" hits="1" branch="false" />
                <line number="41" hits="1" branch="false" />
                <line number="42" hits="1" branch="false" />
                <line number="43" hits="1" branch="false" />
                <line number="44" hits="1" branch="false" />
                <line number="45" hits="1" branch="false" />
                <line number="46" hits="2" branch="false" />
                <line number="48" hits="1" branch="false" />
                <line number="49" hits="1" branch="false" />
                <line number="50" hits="1" branch="false" />
                <line number="51" hits="1" branch="false" />
                <line number="52" hits="1" branch="false" />
                <line number="53" hits="1" branch="false" />
                <line number="54" hits="2" branch="false" />
                <line number="56" hits="1" branch="false" />
                <line number="57" hits="1" branch="false" />
                <line number="58" hits="1" branch="false" />
                <line number="59" hits="1" branch="false" />
                <line number="60" hits="1" branch="false" />
              </lines>
            </method>
            <method name="UseApiDefautConfig" signature="(Microsoft.AspNetCore.Builder.IApplicationBuilder)" line-rate="0" branch-rate="1" complexity="1">
              <lines>
                <line number="63" hits="0" branch="false" />
                <line number="64" hits="0" branch="false" />
                <line number="66" hits="0" branch="false" />
                <line number="68" hits="0" branch="false" />
                <line number="69" hits="0" branch="false" />
                <line number="71" hits="0" branch="false" />
                <line number="73" hits="0" branch="false" />
                <line number="75" hits="0" branch="false" />
                <line number="77" hits="0" branch="false" />
                <line number="78" hits="0" branch="false" />
                <line number="79" hits="0" branch="false" />
                <line number="80" hits="0" branch="false" />
                <line number="81" hits="0" branch="false" />
                <line number="82" hits="0" branch="false" />
              </lines>
            </method>
          </methods>
          <lines>
            <line number="19" hits="1" branch="false" />
            <line number="20" hits="1" branch="false" />
            <line number="22" hits="1" branch="false" />
            <line number="23" hits="1" branch="false" />
            <line number="24" hits="1" branch="false" />
            <line number="25" hits="1" branch="false" />
            <line number="26" hits="1" branch="false" />
            <line number="27" hits="1" branch="false" />
            <line number="28" hits="2" branch="false" />
            <line number="30" hits="1" branch="false" />
            <line number="32" hits="1" branch="false" />
            <line number="33" hits="1" branch="false" />
            <line number="34" hits="1" branch="false" />
            <line number="35" hits="1" branch="false" />
            <line number="36" hits="1" branch="false" />
            <line number="37" hits="1" branch="false" />
            <line number="38" hits="1" branch="false" />
            <line number="39" hits="1" branch="false" />
            <line number="40" hits="1" branch="false" />
            <line number="41" hits="1" branch="false" />
            <line number="42" hits="1" branch="false" />
            <line number="43" hits="1" branch="false" />
            <line number="44" hits="1" branch="false" />
            <line number="45" hits="1" branch="false" />
            <line number="46" hits="2" branch="false" />
            <line number="48" hits="1" branch="false" />
            <line number="49" hits="1" branch="false" />
            <line number="50" hits="1" branch="false" />
            <line number="51" hits="1" branch="false" />
            <line number="52" hits="1" branch="false" />
            <line number="53" hits="1" branch="false" />
            <line number="54" hits="2" branch="false" />
            <line number="56" hits="1" branch="false" />
            <line number="57" hits="1" branch="false" />
            <line number="58" hits="1" branch="false" />
            <line number="59" hits="1" branch="false" />
            <line number="60" hits="1" branch="false" />
            <line number="63" hits="0" branch="false" />
            <line number="64" hits="0" branch="false" />
            <line number="66" hits="0" branch="false" />
            <line number="68" hits="0" branch="false" />
            <line number="69" hits="0" branch="false" />
            <line number="71" hits="0" branch="false" />
            <line number="73" hits="0" branch="false" />
            <line number="75" hits="0" branch="false" />
            <line number="77" hits="0" branch="false" />
            <line number="78" hits="0" branch="false" />
            <line number="79" hits="0" branch="false" />
            <line number="80" hits="0" branch="false" />
            <line number="81" hits="0" branch="false" />
            <line number="82" hits="0" branch="false" />
          </lines>
        </class>
      </classes>
    </package>
    <package name="Domain" line-rate="1" branch-rate="1" complexity="29">
      <classes>
        <class name="Domain.Entities.Pedido" filename="D:\# Software Architecture\6SOAT\# Fase 4\quickfood-backend-pedido\src\Domain\Entities\Pedido.cs" line-rate="1" branch-rate="1" complexity="11">
          <methods>
            <method name="get_NumeroPedido" signature="()" line-rate="1" branch-rate="1" complexity="1">
              <lines>
                <line number="9" hits="8" branch="false" />
              </lines>
            </method>
            <method name="get_ClienteId" signature="()" line-rate="1" branch-rate="1" complexity="1">
              <lines>
                <line number="10" hits="16" branch="false" />
              </lines>
            </method>
            <method name="get_Status" signature="()" line-rate="1" branch-rate="1" complexity="1">
              <lines>
                <line number="11" hits="16" branch="false" />
              </lines>
            </method>
            <method name="get_ValorTotal" signature="()" line-rate="1" branch-rate="1" complexity="1">
              <lines>
                <line number="12" hits="16" branch="false" />
              </lines>
            </method>
            <method name="get_DataPedido" signature="()" line-rate="1" branch-rate="1" complexity="1">
              <lines>
                <line number="13" hits="16" branch="false" />
              </lines>
            </method>
            <method name="get_PedidoItems" signature="()" line-rate="1" branch-rate="1" complexity="1">
              <lines>
                <line number="16" hits="13" branch="false" />
              </lines>
            </method>
            <method name="AdicionarItem" signature="(Domain.Entities.PedidoItem)" line-rate="1" branch-rate="1" complexity="2">
              <lines>
                <line number="41" hits="6" branch="false" />
                <line number="42" hits="7" branch="false" />
                <line number="44" hits="6" branch="true" condition-coverage="100% (2/2)" />
                <line number="45" hits="1" branch="false" />
                <line number="46" hits="1" branch="false" />
                <line number="47" hits="1" branch="false" />
                <line number="48" hits="1" branch="false" />
                <line number="50" hits="5" branch="false" />
                <line number="51" hits="5" branch="false" />
                <line number="52" hits="5" branch="false" />
                <line number="54" hits="6" branch="false" />
                <line number="55" hits="6" branch="false" />
                <line number="56" hits="6" branch="false" />
              </lines>
            </method>
            <method name="CalcularValorPedido" signature="()" line-rate="1" branch-rate="1" complexity="1">
              <lines>
                <line number="59" hits="12" branch="false" />
              </lines>
            </method>
            <method name=".ctor" signature="(System.Guid,System.Nullable`1&lt;System.Guid&gt;)" line-rate="1" branch-rate="1" complexity="1">
              <lines>
                <line number="18" hits="8" branch="false" />
                <line number="19" hits="8" branch="false" />
                <line number="20" hits="8" branch="false" />
                <line number="21" hits="8" branch="false" />
                <line number="22" hits="8" branch="false" />
                <line number="23" hits="8" branch="false" />
                <line number="24" hits="8" branch="false" />
                <line number="25" hits="8" branch="false" />
              </lines>
            </method>
            <method name=".ctor" signature="(System.Guid,System.Int32,System.Nullable`1&lt;System.Guid&gt;,Domain.ValueObjects.PedidoStatus,System.Decimal,System.DateTime)" line-rate="1" branch-rate="1" complexity="1">
              <lines>
                <line number="28" hits="5" branch="false" />
                <line number="30" hits="5" branch="false" />
                <line number="31" hits="5" branch="false" />
                <line number="32" hits="5" branch="false" />
                <line number="33" hits="5" branch="false" />
                <line number="34" hits="5" branch="false" />
                <line number="35" hits="5" branch="false" />
                <line number="36" hits="5" branch="false" />
                <line number="37" hits="5" branch="false" />
                <line number="38" hits="5" branch="false" />
              </lines>
            </method>
          </methods>
          <lines>
            <line number="9" hits="8" branch="false" />
            <line number="10" hits="16" branch="false" />
            <line number="11" hits="16" branch="false" />
            <line number="12" hits="16" branch="false" />
            <line number="13" hits="16" branch="false" />
            <line number="16" hits="13" branch="false" />
            <line number="18" hits="8" branch="false" />
            <line number="19" hits="8" branch="false" />
            <line number="20" hits="8" branch="false" />
            <line number="21" hits="8" branch="false" />
            <line number="22" hits="8" branch="false" />
            <line number="23" hits="8" branch="false" />
            <line number="24" hits="8" branch="false" />
            <line number="25" hits="8" branch="false" />
            <line number="28" hits="5" branch="false" />
            <line number="30" hits="5" branch="false" />
            <line number="31" hits="5" branch="false" />
            <line number="32" hits="5" branch="false" />
            <line number="33" hits="5" branch="false" />
            <line number="34" hits="5" branch="false" />
            <line number="35" hits="5" branch="false" />
            <line number="36" hits="5" branch="false" />
            <line number="37" hits="5" branch="false" />
            <line number="38" hits="5" branch="false" />
            <line number="41" hits="6" branch="false" />
            <line number="42" hits="7" branch="false" />
            <line number="44" hits="6" branch="true" condition-coverage="100% (2/2)" />
            <line number="45" hits="1" branch="false" />
            <line number="46" hits="1" branch="false" />
            <line number="47" hits="1" branch="false" />
            <line number="48" hits="1" branch="false" />
            <line number="50" hits="5" branch="false" />
            <line number="51" hits="5" branch="false" />
            <line number="52" hits="5" branch="false" />
            <line number="54" hits="6" branch="false" />
            <line number="55" hits="6" branch="false" />
            <line number="56" hits="6" branch="false" />
            <line number="59" hits="12" branch="false" />
          </lines>
        </class>
        <class name="Domain.Entities.PedidoItem" filename="D:\# Software Architecture\6SOAT\# Fase 4\quickfood-backend-pedido\src\Domain\Entities\PedidoItem.cs" line-rate="1" branch-rate="1" complexity="7">
          <methods>
            <method name="get_ProdutoId" signature="()" line-rate="1" branch-rate="1" complexity="1">
              <lines>
                <line number="8" hits="22" branch="false" />
              </lines>
            </method>
            <method name="get_Quantidade" signature="()" line-rate="1" branch-rate="1" complexity="1">
              <lines>
                <line number="9" hits="41" branch="false" />
              </lines>
            </method>
            <method name="get_ValorUnitario" signature="()" line-rate="1" branch-rate="1" complexity="1">
              <lines>
                <line number="10" hits="34" branch="false" />
              </lines>
            </method>
            <method name="AdicionarUnidades" signature="(System.Int32)" line-rate="1" branch-rate="1" complexity="2">
              <lines>
                <line number="13" hits="3" branch="false" />
                <line number="14" hits="3" branch="true" condition-coverage="100% (2/2)" />
                <line number="15" hits="1" branch="false" />
                <line number="16" hits="1" branch="false" />
                <line number="19" hits="2" branch="false" />
                <line number="20" hits="2" branch="false" />
              </lines>
            </method>
            <method name="CalcularValor" signature="()" line-rate="1" branch-rate="1" complexity="1">
              <lines>
                <line number="23" hits="15" branch="false" />
              </lines>
            </method>
            <method name=".ctor" signature="(System.Guid,System.Int32,System.Decimal)" line-rate="1" branch-rate="1" complexity="1">
              <lines>
                <line number="6" hits="13" branch="false" />
              </lines>
            </method>
          </methods>
          <lines>
            <line number="6" hits="13" branch="false" />
            <line number="8" hits="22" branch="false" />
            <line number="9" hits="41" branch="false" />
            <line number="10" hits="34" branch="false" />
            <line number="13" hits="3" branch="false" />
            <line number="14" hits="3" branch="true" condition-coverage="100% (2/2)" />
            <line number="15" hits="1" branch="false" />
            <line number="16" hits="1" branch="false" />
            <line number="19" hits="2" branch="false" />
            <line number="20" hits="2" branch="false" />
            <line number="23" hits="15" branch="false" />
          </lines>
        </class>
        <class name="Domain.Entities.PedidoListaItens" filename="D:\# Software Architecture\6SOAT\# Fase 4\quickfood-backend-pedido\src\Domain\Entities\PedidoListaItens.cs" line-rate="1" branch-rate="1" complexity="3">
          <methods>
            <method name="get_ProdutoId" signature="()" line-rate="1" branch-rate="1" complexity="1">
              <lines>
                <line number="5" hits="5" branch="false" />
              </lines>
            </method>
            <method name="get_Quantidade" signature="()" line-rate="1" branch-rate="1" complexity="1">
              <lines>
                <line number="6" hits="4" branch="false" />
              </lines>
            </method>
            <method name=".ctor" signature="(System.Guid,System.Int32)" line-rate="1" branch-rate="1" complexity="1">
              <lines>
                <line number="3" hits="3" branch="false" />
              </lines>
            </method>
          </methods>
          <lines>
            <line number="3" hits="3" branch="false" />
            <line number="5" hits="5" branch="false" />
            <line number="6" hits="4" branch="false" />
          </lines>
        </class>
        <class name="Domain.Entities.Produto" filename="D:\# Software Architecture\6SOAT\# Fase 4\quickfood-backend-pedido\src\Domain\Entities\Produto.cs" line-rate="1" branch-rate="1" complexity="6">
          <methods>
            <method name="get_Nome" signature="()" line-rate="1" branch-rate="1" complexity="1">
              <lines>
                <line number="7" hits="3" branch="false" />
              </lines>
            </method>
            <method name="get_Descricao" signature="()" line-rate="1" branch-rate="1" complexity="1">
              <lines>
                <line number="8" hits="3" branch="false" />
              </lines>
            </method>
            <method name="get_Preco" signature="()" line-rate="1" branch-rate="1" complexity="1">
              <lines>
                <line number="9" hits="4" branch="false" />
              </lines>
            </method>
            <method name="get_Categoria" signature="()" line-rate="1" branch-rate="1" complexity="1">
              <lines>
                <line number="10" hits="3" branch="false" />
              </lines>
            </method>
            <method name="get_Ativo" signature="()" line-rate="1" branch-rate="1" complexity="1">
              <lines>
                <line number="11" hits="3" branch="false" />
              </lines>
            </method>
            <method name=".ctor" signature="(System.Guid,System.String,System.String,System.Decimal,System.String,System.Boolean)" line-rate="1" branch-rate="1" complexity="1">
              <lines>
                <line number="13" hits="2" branch="false" />
                <line number="14" hits="2" branch="false" />
                <line number="15" hits="2" branch="false" />
                <line number="16" hits="2" branch="false" />
                <line number="17" hits="2" branch="false" />
                <line number="18" hits="2" branch="false" />
                <line number="19" hits="2" branch="false" />
                <line number="20" hits="2" branch="false" />
                <line number="21" hits="2" branch="false" />
              </lines>
            </method>
          </methods>
          <lines>
            <line number="7" hits="3" branch="false" />
            <line number="8" hits="3" branch="false" />
            <line number="9" hits="4" branch="false" />
            <line number="10" hits="3" branch="false" />
            <line number="11" hits="3" branch="false" />
            <line number="13" hits="2" branch="false" />
            <line number="14" hits="2" branch="false" />
            <line number="15" hits="2" branch="false" />
            <line number="16" hits="2" branch="false" />
            <line number="17" hits="2" branch="false" />
            <line number="18" hits="2" branch="false" />
            <line number="19" hits="2" branch="false" />
            <line number="20" hits="2" branch="false" />
            <line number="21" hits="2" branch="false" />
          </lines>
        </class>
        <class name="Domain.Entities.ValidarPedido" filename="D:\# Software Architecture\6SOAT\# Fase 4\quickfood-backend-pedido\src\Domain\Entities\Pedido.cs" line-rate="1" branch-rate="1" complexity="1">
          <methods>
            <method name=".ctor" signature="()" line-rate="1" branch-rate="1" complexity="1">
              <lines>
                <line number="64" hits="8" branch="false" />
                <line number="65" hits="4" branch="false" />
                <line number="66" hits="4" branch="false" />
              </lines>
            </method>
          </methods>
          <lines>
            <line number="64" hits="8" branch="false" />
            <line number="65" hits="4" branch="false" />
            <line number="66" hits="4" branch="false" />
          </lines>
        </class>
        <class name="Domain.Entities.ValidarPedidoItem" filename="D:\# Software Architecture\6SOAT\# Fase 4\quickfood-backend-pedido\src\Domain\Entities\PedidoItem.cs" line-rate="1" branch-rate="1" complexity="1">
          <methods>
            <method name=".ctor" signature="()" line-rate="1" branch-rate="1" complexity="1">
              <lines>
                <line number="28" hits="5" branch="false" />
                <line number="29" hits="5" branch="false" />
                <line number="30" hits="5" branch="false" />
                <line number="31" hits="5" branch="false" />
                <line number="32" hits="5" branch="false" />
                <line number="34" hits="5" branch="false" />
                <line number="35" hits="5" branch="false" />
                <line number="36" hits="5" branch="false" />
                <line number="38" hits="5" branch="false" />
                <line number="39" hits="5" branch="false" />
                <line number="41" hits="5" branch="false" />
                <line number="42" hits="5" branch="false" />
                <line number="43" hits="5" branch="false" />
              </lines>
            </method>
          </methods>
          <lines>
            <line number="28" hits="5" branch="false" />
            <line number="29" hits="5" branch="false" />
            <line number="30" hits="5" branch="false" />
            <line number="31" hits="5" branch="false" />
            <line number="32" hits="5" branch="false" />
            <line number="34" hits="5" branch="false" />
            <line number="35" hits="5" branch="false" />
            <line number="36" hits="5" branch="false" />
            <line number="38" hits="5" branch="false" />
            <line number="39" hits="5" branch="false" />
            <line number="41" hits="5" branch="false" />
            <line number="42" hits="5" branch="false" />
            <line number="43" hits="5" branch="false" />
          </lines>
        </class>
      </classes>
    </package>
    <package name="Gateways" line-rate="0.9344262295081968" branch-rate="1" complexity="27">
      <classes>
        <class name="Gateways.Dtos.Events.PedidoCriadoEvent" filename="D:\# Software Architecture\6SOAT\# Fase 4\quickfood-backend-pedido\src\Gateways\Dtos\Events\PedidoCriadoEvent.cs" line-rate="0.8333333333333334" branch-rate="1" complexity="6">
          <methods>
            <method name="get_NumeroPedido" signature="()" line-rate="1" branch-rate="1" complexity="1">
              <lines>
                <line number="7" hits="1" branch="false" />
              </lines>
            </method>
            <method name="get_ClienteId" signature="()" line-rate="1" branch-rate="1" complexity="1">
              <lines>
                <line number="8" hits="1" branch="false" />
              </lines>
            </method>
            <method name="get_Status" signature="()" line-rate="1" branch-rate="1" complexity="1">
              <lines>
                <line number="9" hits="2" branch="false" />
              </lines>
            </method>
            <method name="get_ValorTotal" signature="()" line-rate="1" branch-rate="1" complexity="1">
              <lines>
                <line number="10" hits="1" branch="false" />
              </lines>
            </method>
            <method name="get_DataPedido" signature="()" line-rate="1" branch-rate="1" complexity="1">
              <lines>
                <line number="11" hits="1" branch="false" />
              </lines>
            </method>
            <method name=".ctor" signature="(Gateways.Dtos.Events.PedidoCriadoEvent)" line-rate="0" branch-rate="1" complexity="1">
              <lines>
                <line number="5" hits="0" branch="false" />
              </lines>
            </method>
          </methods>
          <lines>
            <line number="5" hits="0" branch="false" />
            <line number="7" hits="1" branch="false" />
            <line number="8" hits="1" branch="false" />
            <line number="9" hits="2" branch="false" />
            <line number="10" hits="1" branch="false" />
            <line number="11" hits="1" branch="false" />
          </lines>
        </class>
        <class name="Gateways.Dtos.Request.PedidoListaItensDto" filename="D:\# Software Architecture\6SOAT\# Fase 4\quickfood-backend-pedido\src\Gateways\Dtos\Request\PedidoRequestDto.cs" line-rate="0.6666666666666666" branch-rate="1" complexity="3">
          <methods>
            <method name="get_ProdutoId" signature="()" line-rate="1" branch-rate="1" complexity="1">
              <lines>
                <line number="20" hits="16" branch="false" />
              </lines>
            </method>
            <method name="get_Quantidade" signature="()" line-rate="1" branch-rate="1" complexity="1">
              <lines>
                <line number="24" hits="16" branch="false" />
              </lines>
            </method>
            <method name=".ctor" signature="(Gateways.Dtos.Request.PedidoListaItensDto)" line-rate="0" branch-rate="1" complexity="1">
              <lines>
                <line number="17" hits="0" branch="false" />
              </lines>
            </method>
          </methods>
          <lines>
            <line number="17" hits="0" branch="false" />
            <line number="20" hits="16" branch="false" />
            <line number="24" hits="16" branch="false" />
          </lines>
        </class>
        <class name="Gateways.Dtos.Request.PedidoRequestDto" filename="D:\# Software Architecture\6SOAT\# Fase 4\quickfood-backend-pedido\src\Gateways\Dtos\Request\PedidoRequestDto.cs" line-rate="0.75" branch-rate="1" complexity="4">
          <methods>
            <method name="get_PedidoId" signature="()" line-rate="1" branch-rate="1" complexity="1">
              <lines>
                <line number="9" hits="22" branch="false" />
              </lines>
            </method>
            <method name="get_ClienteId" signature="()" line-rate="1" branch-rate="1" complexity="1">
              <lines>
                <line number="11" hits="6" branch="false" />
              </lines>
            </method>
            <method name="get_Items" signature="()" line-rate="1" branch-rate="1" complexity="1">
              <lines>
                <line number="14" hits="31" branch="false" />
              </lines>
            </method>
            <method name=".ctor" signature="(Gateways.Dtos.Request.PedidoRequestDto)" line-rate="0" branch-rate="1" complexity="1">
              <lines>
                <line number="6" hits="0" branch="false" />
              </lines>
            </method>
          </methods>
          <lines>
            <line number="6" hits="0" branch="false" />
            <line number="9" hits="22" branch="false" />
            <line number="11" hits="6" branch="false" />
            <line number="14" hits="31" branch="false" />
          </lines>
        </class>
        <class name="Gateways.Dtos.Request.PedidoStatusRequestDto" filename="D:\# Software Architecture\6SOAT\# Fase 4\quickfood-backend-pedido\src\Gateways\Dtos\Request\PedidoStatusRequestDto.cs" line-rate="0.5" branch-rate="1" complexity="2">
          <methods>
            <method name="get_Status" signature="()" line-rate="1" branch-rate="1" complexity="1">
              <lines>
                <line number="9" hits="14" branch="false" />
              </lines>
            </method>
            <method name=".ctor" signature="(Gateways.Dtos.Request.PedidoStatusRequestDto)" line-rate="0" branch-rate="1" complexity="1">
              <lines>
                <line number="5" hits="0" branch="false" />
              </lines>
            </method>
          </methods>
          <lines>
            <line number="5" hits="0" branch="false" />
            <line number="9" hits="14" branch="false" />
          </lines>
        </class>
        <class name="Gateways.PedidoGateway" filename="D:\# Software Architecture\6SOAT\# Fase 4\quickfood-backend-pedido\src\Gateways\PedidoGateway.cs" line-rate="1" branch-rate="1" complexity="9">
          <methods>
            <method name="GerarPedidoCriadoEvent" signature="(Infra.Dto.PedidoDb)" line-rate="1" branch-rate="1" complexity="1">
              <lines>
                <line number="52" hits="1" branch="false" />
                <line number="53" hits="1" branch="false" />
                <line number="54" hits="1" branch="false" />
                <line number="55" hits="1" branch="false" />
                <line number="56" hits="1" branch="false" />
                <line number="57" hits="1" branch="false" />
                <line number="58" hits="1" branch="false" />
                <line number="59" hits="1" branch="false" />
                <line number="60" hits="1" branch="false" />
              </lines>
            </method>
            <method name=".ctor" signature="(Infra.Repositories.IPedidoRepository,Core.Infra.MessageBroker.ISqsService`1&lt;Gateways.Dtos.Events.PedidoCriadoEvent&gt;)" line-rate="1" branch-rate="1" complexity="1">
              <lines>
                <line number="9" hits="6" branch="false" />
              </lines>
            </method>
            <method name="CadastrarPedidoAsync" signature="()" line-rate="1" branch-rate="1" complexity="4">
              <lines>
                <line number="12" hits="2" branch="false" />
                <line number="13" hits="2" branch="false" />
                <line number="14" hits="2" branch="false" />
                <line number="15" hits="2" branch="false" />
                <line number="16" hits="2" branch="false" />
                <line number="17" hits="2" branch="false" />
                <line number="18" hits="2" branch="false" />
                <line number="19" hits="2" branch="false" />
                <line number="20" hits="2" branch="false" />
                <line number="21" hits="2" branch="false" />
                <line number="23" hits="10" branch="true" condition-coverage="100% (2/2)" />
                <line number="24" hits="2" branch="false" />
                <line number="25" hits="2" branch="false" />
                <line number="26" hits="2" branch="false" />
                <line number="27" hits="2" branch="false" />
                <line number="28" hits="2" branch="false" />
                <line number="29" hits="2" branch="false" />
                <line number="30" hits="2" branch="false" />
                <line number="31" hits="2" branch="false" />
                <line number="32" hits="2" branch="false" />
                <line number="34" hits="2" branch="false" />
                <line number="36" hits="2" branch="true" condition-coverage="100% (2/2)" />
                <line number="37" hits="2" branch="false" />
              </lines>
            </method>
            <method name="ObterTodosPedidosAsync" signature="()" line-rate="1" branch-rate="1" complexity="1">
              <lines>
                <line number="50" hits="1" branch="false" />
              </lines>
            </method>
            <method name="ObterTodosPedidosOrdenadosAsync" signature="()" line-rate="1" branch-rate="1" complexity="1">
              <lines>
                <line number="47" hits="1" branch="false" />
              </lines>
            </method>
            <method name="VerificarPedidoExistenteAsync" signature="()" line-rate="1" branch-rate="1" complexity="1">
              <lines>
                <line number="40" hits="2" branch="false" />
                <line number="41" hits="2" branch="false" />
                <line number="43" hits="2" branch="false" />
                <line number="44" hits="2" branch="false" />
              </lines>
            </method>
          </methods>
          <lines>
            <line number="9" hits="6" branch="false" />
            <line number="12" hits="2" branch="false" />
            <line number="13" hits="2" branch="false" />
            <line number="14" hits="2" branch="false" />
            <line number="15" hits="2" branch="false" />
            <line number="16" hits="2" branch="false" />
            <line number="17" hits="2" branch="false" />
            <line number="18" hits="2" branch="false" />
            <line number="19" hits="2" branch="false" />
            <line number="20" hits="2" branch="false" />
            <line number="21" hits="2" branch="false" />
            <line number="23" hits="10" branch="true" condition-coverage="100% (2/2)" />
            <line number="24" hits="2" branch="false" />
            <line number="25" hits="2" branch="false" />
            <line number="26" hits="2" branch="false" />
            <line number="27" hits="2" branch="false" />
            <line number="28" hits="2" branch="false" />
            <line number="29" hits="2" branch="false" />
            <line number="30" hits="2" branch="false" />
            <line number="31" hits="2" branch="false" />
            <line number="32" hits="2" branch="false" />
            <line number="34" hits="2" branch="false" />
            <line number="36" hits="2" branch="true" condition-coverage="100% (2/2)" />
            <line number="37" hits="2" branch="false" />
            <line number="40" hits="2" branch="false" />
            <line number="41" hits="2" branch="false" />
            <line number="43" hits="2" branch="false" />
            <line number="44" hits="2" branch="false" />
            <line number="47" hits="1" branch="false" />
            <line number="50" hits="1" branch="false" />
            <line number="52" hits="1" branch="false" />
            <line number="53" hits="1" branch="false" />
            <line number="54" hits="1" branch="false" />
            <line number="55" hits="1" branch="false" />
            <line number="56" hits="1" branch="false" />
            <line number="57" hits="1" branch="false" />
            <line number="58" hits="1" branch="false" />
            <line number="59" hits="1" branch="false" />
            <line number="60" hits="1" branch="false" />
          </lines>
        </class>
        <class name="Gateways.ProdutoGateway" filename="D:\# Software Architecture\6SOAT\# Fase 4\quickfood-backend-pedido\src\Gateways\ProdutoGateway.cs" line-rate="1" branch-rate="1" complexity="3">
          <methods>
            <method name=".ctor" signature="(Infra.Repositories.IProdutoRepository)" line-rate="1" branch-rate="1" complexity="1">
              <lines>
                <line number="6" hits="2" branch="false" />
              </lines>
            </method>
            <method name="ObterProdutoAsync" signature="()" line-rate="1" branch-rate="1" complexity="2">
              <lines>
                <line number="9" hits="2" branch="false" />
                <line number="10" hits="2" branch="false" />
                <line number="12" hits="2" branch="true" condition-coverage="100% (2/2)" />
                <line number="13" hits="2" branch="false" />
                <line number="14" hits="2" branch="false" />
                <line number="15" hits="2" branch="false" />
              </lines>
            </method>
          </methods>
          <lines>
            <line number="6" hits="2" branch="false" />
            <line number="9" hits="2" branch="false" />
            <line number="10" hits="2" branch="false" />
            <line number="12" hits="2" branch="true" condition-coverage="100% (2/2)" />
            <line number="13" hits="2" branch="false" />
            <line number="14" hits="2" branch="false" />
            <line number="15" hits="2" branch="false" />
          </lines>
        </class>
      </classes>
    </package>
    <package name="Infra" line-rate="0.03535353535353535" branch-rate="0" complexity="28">
      <classes>
        <class name="Infra.Dto.PedidoDb" filename="D:\# Software Architecture\6SOAT\# Fase 4\quickfood-backend-pedido\src\Infra\Dto\PedidoDb.cs" line-rate="1" branch-rate="1" complexity="7">
          <methods>
            <method name="get_NumeroPedido" signature="()" line-rate="1" branch-rate="1" complexity="1">
              <lines>
                <line number="7" hits="11" branch="false" />
              </lines>
            </method>
            <method name="get_ClienteId" signature="()" line-rate="1" branch-rate="1" complexity="1">
              <lines>
                <line number="8" hits="9" branch="false" />
              </lines>
            </method>
            <method name="get_Status" signature="()" line-rate="1" branch-rate="1" complexity="1">
              <lines>
                <line number="9" hits="43" branch="false" />
              </lines>
            </method>
            <method name="get_ValorTotal" signature="()" line-rate="1" branch-rate="1" complexity="1">
              <lines>
                <line number="10" hits="9" branch="false" />
              </lines>
            </method>
            <method name="get_DataPedido" signature="()" line-rate="1" branch-rate="1" complexity="1">
              <lines>
                <line number="11" hits="9" branch="false" />
              </lines>
            </method>
            <method name="get_Itens" signature="()" line-rate="1" branch-rate="1" complexity="1">
              <lines>
                <line number="13" hits="23" branch="false" />
              </lines>
            </method>
            <method name=".ctor" signature="()" line-rate="1" branch-rate="1" complexity="1">
              <lines>
                <line number="15" hits="32" branch="false" />
              </lines>
            </method>
          </methods>
          <lines>
            <line number="7" hits="11" branch="false" />
            <line number="8" hits="9" branch="false" />
            <line number="9" hits="43" branch="false" />
            <line number="10" hits="9" branch="false" />
            <line number="11" hits="9" branch="false" />
            <line number="13" hits="23" branch="false" />
            <line number="15" hits="32" branch="false" />
          </lines>
        </class>
        <class name="Infra.Dto.PedidoItemDb" filename="D:\# Software Architecture\6SOAT\# Fase 4\quickfood-backend-pedido\src\Infra\Dto\PedidoItemDb.cs" line-rate="1" branch-rate="1" complexity="5">
          <methods>
            <method name="get_PedidoId" signature="()" line-rate="1" branch-rate="1" complexity="1">
              <lines>
                <line number="7" hits="2" branch="false" />
              </lines>
            </method>
            <method name="get_ProdutoId" signature="()" line-rate="1" branch-rate="1" complexity="1">
              <lines>
                <line number="8" hits="2" branch="false" />
              </lines>
            </method>
            <method name="get_Quantidade" signature="()" line-rate="1" branch-rate="1" complexity="1">
              <lines>
                <line number="9" hits="4" branch="false" />
              </lines>
            </method>
            <method name="get_ValorUnitario" signature="()" line-rate="1" branch-rate="1" complexity="1">
              <lines>
                <line number="10" hits="2" branch="false" />
              </lines>
            </method>
            <method name="get_Pedido" signature="()" line-rate="1" branch-rate="1" complexity="1">
              <lines>
                <line number="12" hits="2" branch="false" />
              </lines>
            </method>
          </methods>
          <lines>
            <line number="7" hits="2" branch="false" />
            <line number="8" hits="2" branch="false" />
            <line number="9" hits="4" branch="false" />
            <line number="10" hits="2" branch="false" />
            <line number="12" hits="2" branch="false" />
          </lines>
        </class>
        <class name="Infra.Dto.ProdutoDb" filename="D:\# Software Architecture\6SOAT\# Fase 4\quickfood-backend-pedido\src\Infra\Dto\ProdutoDb.cs" line-rate="1" branch-rate="1" complexity="5">
          <methods>
            <method name="get_Nome" signature="()" line-rate="1" branch-rate="1" complexity="1">
              <lines>
                <line number="7" hits="67" branch="false" />
              </lines>
            </method>
            <method name="get_Descricao" signature="()" line-rate="1" branch-rate="1" complexity="1">
              <lines>
                <line number="8" hits="58" branch="false" />
              </lines>
            </method>
            <method name="get_Preco" signature="()" line-rate="1" branch-rate="1" complexity="1">
              <lines>
                <line number="9" hits="28" branch="false" />
              </lines>
            </method>
            <method name="get_Categoria" signature="()" line-rate="1" branch-rate="1" complexity="1">
              <lines>
                <line number="10" hits="58" branch="false" />
              </lines>
            </method>
            <method name="get_Ativo" signature="()" line-rate="1" branch-rate="1" complexity="1">
              <lines>
                <line number="11" hits="28" branch="false" />
              </lines>
            </method>
          </methods>
          <lines>
            <line number="7" hits="67" branch="false" />
            <line number="8" hits="58" branch="false" />
            <line number="9" hits="28" branch="false" />
            <line number="10" hits="58" branch="false" />
            <line number="11" hits="28" branch="false" />
          </lines>
        </class>
        <class name="Infra.Migrations.ApplicationDbContextModelSnapshot" filename="D:\# Software Architecture\6SOAT\# Fase 4\quickfood-backend-pedido\src\Infra\Migrations\ApplicationDbContextModelSnapshot.cs" line-rate="0" branch-rate="1" complexity="1">
          <methods>
            <method name="BuildModel" signature="(Microsoft.EntityFrameworkCore.ModelBuilder)" line-rate="0" branch-rate="1" complexity="1">
              <lines>
                <line number="17" hits="0" branch="false" />
                <line number="19" hits="0" branch="false" />
                <line number="20" hits="0" branch="false" />
                <line number="21" hits="0" branch="false" />
                <line number="23" hits="0" branch="false" />
                <line number="25" hits="0" branch="false" />
                <line number="26" hits="0" branch="false" />
                <line number="27" hits="0" branch="false" />
                <line number="28" hits="0" branch="false" />
                <line number="29" hits="0" branch="false" />
                <line number="30" hits="0" branch="false" />
                <line number="31" hits="0" branch="false" />
                <line number="32" hits="0" branch="false" />
                <line number="33" hits="0" branch="false" />
                <line number="34" hits="0" branch="false" />
                <line number="35" hits="0" branch="false" />
                <line number="36" hits="0" branch="false" />
                <line number="37" hits="0" branch="false" />
                <line number="38" hits="0" branch="false" />
                <line number="39" hits="0" branch="false" />
                <line number="40" hits="0" branch="false" />
                <line number="41" hits="0" branch="false" />
                <line number="42" hits="0" branch="false" />
                <line number="43" hits="0" branch="false" />
                <line number="44" hits="0" branch="false" />
                <line number="45" hits="0" branch="false" />
                <line number="46" hits="0" branch="false" />
                <line number="47" hits="0" branch="false" />
                <line number="48" hits="0" branch="false" />
                <line number="49" hits="0" branch="false" />
                <line number="50" hits="0" branch="false" />
                <line number="51" hits="0" branch="false" />
                <line number="52" hits="0" branch="false" />
                <line number="53" hits="0" branch="false" />
                <line number="54" hits="0" branch="false" />
                <line number="56" hits="0" branch="false" />
                <line number="57" hits="0" branch="false" />
                <line number="58" hits="0" branch="false" />
                <line number="59" hits="0" branch="false" />
[...]
                <line number="40" hits="1" branch="false" />
                <line number="41" hits="1" branch="false" />
                <line number="42" hits="1" branch="false" />
                <line number="43" hits="1" branch="false" />
                <line number="44" hits="2" branch="false" />
                <line number="45" hits="2" branch="false" />
              </lines>
            </method>
          </methods>
          <lines>
            <line number="11" hits="3" branch="false" />
            <line number="14" hits="3" branch="false" />
            <line number="15" hits="3" branch="true" condition-coverage="50% (1/2)" />
            <line number="16" hits="3" branch="false" />
            <line number="18" hits="3" branch="false" />
            <line number="19" hits="3" branch="false" />
            <line number="20" hits="2" branch="false" />
            <line number="21" hits="1" branch="false" />
            <line number="22" hits="1" branch="false" />
            <line number="23" hits="1" branch="false" />
            <line number="24" hits="1" branch="false" />
            <line number="26" hits="3" branch="false" />
            <line number="27" hits="0" branch="false" />
            <line number="28" hits="0" branch="false" />
            <line number="31" hits="2" branch="false" />
            <line number="32" hits="2" branch="true" condition-coverage="100% (2/2)" />
            <line number="33" hits="2" branch="false" />
            <line number="34" hits="2" branch="false" />
            <line number="35" hits="2" branch="false" />
            <line number="37" hits="2" branch="false" />
            <line number="39" hits="2" branch="true" condition-coverage="100% (2/2)" />
            <line number="40" hits="1" branch="false" />
            <line number="41" hits="1" branch="false" />
            <line number="42" hits="1" branch="false" />
            <line number="43" hits="1" branch="false" />
            <line number="44" hits="2" branch="false" />
            <line number="45" hits="2" branch="false" />
            <line number="48" hits="1" branch="false" />
            <line number="49" hits="1" branch="false" />
            <line number="50" hits="1" branch="false" />
            <line number="51" hits="1" branch="false" />
            <line number="52" hits="1" branch="false" />
            <line number="53" hits="1" branch="false" />
            <line number="54" hits="1" branch="false" />
            <line number="55" hits="1" branch="false" />
            <line number="56" hits="1" branch="false" />
          </lines>
        </class>
        <class name="Worker.BackgroundServices.ProdutoExcluidoBackgroundService" filename="D:\# Software Architecture\6SOAT\# Fase 4\quickfood-backend-pedido\src\Worker\BackgroundServices\ProdutoExcluidoBackgroundService.cs" line-rate="0.9259259259259259" branch-rate="0.8333333333333334" complexity="7">
          <methods>
            <method name=".ctor" signature="(Core.Infra.MessageBroker.ISqsService`1&lt;Worker.Dtos.Events.ProdutoExcluidoEvent&gt;,Microsoft.Extensions.DependencyInjection.IServiceScopeFactory,Microsoft.Extensions.Logging.ILogger`1&lt;Worker.BackgroundServices.ProdutoExcluidoBackgroundService&gt;)" line-rate="1" branch-rate="1" complexity="1">
              <lines>
                <line number="10" hits="3" branch="false" />
              </lines>
            </method>
            <method name="ExecuteAsync" signature="()" line-rate="0.8461538461538461" branch-rate="0.5" complexity="2">
              <lines>
                <line number="13" hits="3" branch="false" />
                <line number="14" hits="3" branch="true" condition-coverage="50% (1/2)" />
                <line number="15" hits="3" branch="false" />
                <line number="17" hits="3" branch="false" />
                <line number="18" hits="3" branch="false" />
                <line number="19" hits="2" branch="false" />
                <line number="20" hits="1" branch="false" />
                <line number="21" hits="1" branch="false" />
                <line number="22" hits="1" branch="false" />
                <line number="23" hits="1" branch="false" />
                <line number="25" hits="3" branch="false" />
                <line number="26" hits="0" branch="false" />
                <line number="27" hits="0" branch="false" />
              </lines>
            </method>
            <method name="ProcessMessageAsync" signature="()" line-rate="1" branch-rate="1" complexity="4">
              <lines>
                <line number="30" hits="2" branch="false" />
                <line number="31" hits="2" branch="true" condition-coverage="100% (2/2)" />
                <line number="32" hits="2" branch="false" />
                <line number="33" hits="2" branch="false" />
                <line number="34" hits="2" branch="false" />
                <line number="36" hits="2" branch="false" />
                <line number="38" hits="2" branch="true" condition-coverage="100% (2/2)" />
                <line number="39" hits="1" branch="false" />
                <line number="40" hits="1" branch="false" />
                <line number="41" hits="1" branch="false" />
                <line number="42" hits="1" branch="false" />
                <line number="43" hits="2" branch="false" />
                <line number="44" hits="2" branch="false" />
              </lines>
            </method>
          </methods>
          <lines>
            <line number="10" hits="3" branch="false" />
            <line number="13" hits="3" branch="false" />
            <line number="14" hits="3" branch="true" condition-coverage="50% (1/2)" />
            <line number="15" hits="3" branch="false" />
            <line number="17" hits="3" branch="false" />
            <line number="18" hits="3" branch="false" />
            <line number="19" hits="2" branch="false" />
            <line number="20" hits="1" branch="false" />
            <line number="21" hits="1" branch="false" />
            <line number="22" hits="1" branch="false" />
            <line number="23" hits="1" branch="false" />
            <line number="25" hits="3" branch="false" />
            <line number="26" hits="0" branch="false" />
            <line number="27" hits="0" branch="false" />
            <line number="30" hits="2" branch="false" />
            <line number="31" hits="2" branch="true" condition-coverage="100% (2/2)" />
            <line number="32" hits="2" branch="false" />
            <line number="33" hits="2" branch="false" />
            <line number="34" hits="2" branch="false" />
            <line number="36" hits="2" branch="false" />
            <line number="38" hits="2" branch="true" condition-coverage="100% (2/2)" />
            <line number="39" hits="1" branch="false" />
            <line number="40" hits="1" branch="false" />
            <line number="41" hits="1" branch="false" />
            <line number="42" hits="1" branch="false" />
            <line number="43" hits="2" branch="false" />
            <line number="44" hits="2" branch="false" />
          </lines>
        </class>
        <class name="Worker.Dtos.Events.PedidoItemEvent" filename="D:\# Software Architecture\6SOAT\# Fase 4\quickfood-backend-pedido\src\Worker\Dtos\Events\PedidoRecebidoEvent.cs" line-rate="1" branch-rate="1" complexity="6">
          <methods>
            <method name="get_Id" signature="()" line-rate="1" branch-rate="1" complexity="1">
              <lines>
                <line number="28" hits="4" branch="false" />
              </lines>
            </method>
            <method name="get_PedidoId" signature="()" line-rate="1" branch-rate="1" complexity="1">
              <lines>
                <line number="29" hits="4" branch="false" />
              </lines>
            </method>
            <method name="get_ProdutoId" signature="()" line-rate="1" branch-rate="1" complexity="1">
              <lines>
                <line number="30" hits="4" branch="false" />
              </lines>
            </method>
            <method name="get_Quantidade" signature="()" line-rate="1" branch-rate="1" complexity="1">
              <lines>
                <line number="31" hits="4" branch="false" />
              </lines>
            </method>
            <method name="get_ValorUnitario" signature="()" line-rate="1" branch-rate="1" complexity="1">
              <lines>
                <line number="32" hits="4" branch="false" />
              </lines>
            </method>
            <method name=".ctor" signature="(System.Guid,System.Guid,System.Guid,System.Int32,System.Decimal)" line-rate="1" branch-rate="1" complexity="1">
              <lines>
                <line number="26" hits="3" branch="false" />
              </lines>
            </method>
          </methods>
          <lines>
            <line number="26" hits="3" branch="false" />
            <line number="28" hits="4" branch="false" />
            <line number="29" hits="4" branch="false" />
            <line number="30" hits="4" branch="false" />
            <line number="31" hits="4" branch="false" />
            <line number="32" hits="4" branch="false" />
          </lines>
        </class>
        <class name="Worker.Dtos.Events.PedidoPagoEvent" filename="D:\# Software Architecture\6SOAT\# Fase 4\quickfood-backend-pedido\src\Worker\Dtos\Events\PedidoPagoEvent.cs" line-rate="0.6666666666666666" branch-rate="1" complexity="3">
          <methods>
            <method name="get_PedidoId" signature="()" line-rate="1" branch-rate="1" complexity="1">
              <lines>
                <line number="7" hits="4" branch="false" />
              </lines>
            </method>
            <method name="get_Status" signature="()" line-rate="1" branch-rate="1" complexity="1">
              <lines>
                <line number="8" hits="9" branch="false" />
              </lines>
            </method>
            <method name=".ctor" signature="(Worker.Dtos.Events.PedidoPagoEvent)" line-rate="0" branch-rate="1" complexity="1">
              <lines>
                <line number="5" hits="0" branch="false" />
              </lines>
            </method>
          </methods>
          <lines>
            <line number="5" hits="0" branch="false" />
            <line number="7" hits="4" branch="false" />
            <line number="8" hits="9" branch="false" />
          </lines>
        </class>
        <class name="Worker.Dtos.Events.PedidoPendentePagamentoEvent" filename="D:\# Software Architecture\6SOAT\# Fase 4\quickfood-backend-pedido\src\Worker\Dtos\Events\PedidoPendentePagamentoEvent.cs" line-rate="0.6666666666666666" branch-rate="1" complexity="3">
          <methods>
            <method name="get_PedidoId" signature="()" line-rate="1" branch-rate="1" complexity="1">
              <lines>
                <line number="7" hits="11" branch="false" />
              </lines>
            </method>
            <method name="get_Status" signature="()" line-rate="1" branch-rate="1" complexity="1">
              <lines>
                <line number="8" hits="15" branch="false" />
              </lines>
            </method>
            <method name=".ctor" signature="(Worker.Dtos.Events.PedidoPendentePagamentoEvent)" line-rate="0" branch-rate="1" complexity="1">
              <lines>
                <line number="5" hits="0" branch="false" />
              </lines>
            </method>
          </methods>
          <lines>
            <line number="5" hits="0" branch="false" />
            <line number="7" hits="11" branch="false" />
            <line number="8" hits="15" branch="false" />
          </lines>
        </class>
        <class name="Worker.Dtos.Events.PedidoRecebidoEvent" filename="D:\# Software Architecture\6SOAT\# Fase 4\quickfood-backend-pedido\src\Worker\Dtos\Events\PedidoRecebidoEvent.cs" line-rate="0.9411764705882353" branch-rate="1" complexity="8">
          <methods>
            <method name="get_NumeroPedido" signature="()" line-rate="1" branch-rate="1" complexity="1">
              <lines>
                <line number="7" hits="4" branch="false" />
              </lines>
            </method>
            <method name="get_ClienteId" signature="()" line-rate="1" branch-rate="1" complexity="1">
              <lines>
                <line number="8" hits="4" branch="false" />
              </lines>
            </method>
            <method name="get_Status" signature="()" line-rate="1" branch-rate="1" complexity="1">
              <lines>
                <line number="9" hits="4" branch="false" />
              </lines>
            </method>
            <method name="get_ValorTotal" signature="()" line-rate="1" branch-rate="1" complexity="1">
              <lines>
                <line number="10" hits="4" branch="false" />
              </lines>
            </method>
            <method name="get_DataPedido" signature="()" line-rate="1" branch-rate="1" complexity="1">
              <lines>
                <line number="11" hits="4" branch="false" />
              </lines>
            </method>
            <method name="get_PedidoItems" signature="()" line-rate="1" branch-rate="1" complexity="1">
              <lines>
                <line number="12" hits="4" branch="false" />
              </lines>
            </method>
            <method name=".ctor" signature="(System.Guid,System.Int32,System.Nullable`1&lt;System.Guid&gt;,System.String,System.Decimal,System.DateTime,System.Collections.Generic.List`1&lt;Worker.Dtos.Events.PedidoItemEvent&gt;)" line-rate="1" branch-rate="1" complexity="1">
              <lines>
                <line number="14" hits="2" branch="false" />
                <line number="15" hits="2" branch="false" />
                <line number="16" hits="2" branch="false" />
                <line number="17" hits="2" branch="false" />
                <line number="18" hits="2" branch="false" />
                <line number="19" hits="2" branch="false" />
                <line number="20" hits="2" branch="false" />
                <line number="21" hits="2" branch="false" />
                <line number="22" hits="2" branch="false" />
                <line number="23" hits="2" branch="false" />
              </lines>
            </method>
            <method name=".ctor" signature="(Worker.Dtos.Events.PedidoRecebidoEvent)" line-rate="0" branch-rate="1" complexity="1">
              <lines>
                <line number="5" hits="0" branch="false" />
              </lines>
            </method>
          </methods>
          <lines>
            <line number="5" hits="0" branch="false" />
            <line number="7" hits="4" branch="false" />
            <line number="8" hits="4" branch="false" />
            <line number="9" hits="4" branch="false" />
            <line number="10" hits="4" branch="false" />
            <line number="11" hits="4" branch="false" />
            <line number="12" hits="4" branch="false" />
            <line number="14" hits="2" branch="false" />
            <line number="15" hits="2" branch="false" />
            <line number="16" hits="2" branch="false" />
            <line number="17" hits="2" branch="false" />
            <line number="18" hits="2" branch="false" />
            <line number="19" hits="2" branch="false" />
            <line number="20" hits="2" branch="false" />
            <line number="21" hits="2" branch="false" />
            <line number="22" hits="2" branch="false" />
            <line number="23" hits="2" branch="false" />
          </lines>
        </class>
        <class name="Worker.Dtos.Events.PedidoStatusAlteradoEvent" filename="D:\# Software Architecture\6SOAT\# Fase 4\quickfood-backend-pedido\src\Worker\Dtos\Events\PedidoStatusAlteradoEvent.cs" line-rate="0.5" branch-rate="1" complexity="2">
          <methods>
            <method name="get_Status" signature="()" line-rate="1" branch-rate="1" complexity="1">
              <lines>
                <line number="7" hits="21" branch="false" />
              </lines>
            </method>
            <method name=".ctor" signature="(Worker.Dtos.Events.PedidoStatusAlteradoEvent)" line-rate="0" branch-rate="1" complexity="1">
              <lines>
                <line number="5" hits="0" branch="false" />
              </lines>
            </method>
          </methods>
          <lines>
            <line number="5" hits="0" branch="false" />
            <line number="7" hits="21" branch="false" />
          </lines>
        </class>
        <class name="Worker.Dtos.Events.ProdutoAtualizadoEvent" filename="D:\# Software Architecture\6SOAT\# Fase 4\quickfood-backend-pedido\src\Worker\Dtos\Events\ProdutoEvent.cs" line-rate="0" branch-rate="1" complexity="1">
          <methods>
            <method name=".ctor" signature="(Worker.Dtos.Events.ProdutoAtualizadoEvent)" line-rate="0" branch-rate="1" complexity="1">
              <lines>
                <line number="14" hits="0" branch="false" />
              </lines>
            </method>
          </methods>
          <lines>
            <line number="14" hits="0" branch="false" />
          </lines>
        </class>
        <class name="Worker.Dtos.Events.ProdutoCriadoEvent" filename="D:\# Software Architecture\6SOAT\# Fase 4\quickfood-backend-pedido\src\Worker\Dtos\Events\ProdutoEvent.cs" line-rate="0.8333333333333334" branch-rate="1" complexity="6">
          <methods>
            <method name="get_Nome" signature="()" line-rate="1" branch-rate="1" complexity="1">
              <lines>
                <line number="7" hits="16" branch="false" />
              </lines>
            </method>
            <method name="get_Descricao" signature="()" line-rate="1" branch-rate="1" complexity="1">
              <lines>
                <line number="8" hits="16" branch="false" />
              </lines>
            </method>
            <method name="get_Preco" signature="()" line-rate="1" branch-rate="1" complexity="1">
              <lines>
                <line number="9" hits="10" branch="false" />
              </lines>
            </method>
            <method name="get_Categoria" signature="()" line-rate="1" branch-rate="1" complexity="1">
              <lines>
                <line number="10" hits="16" branch="false" />
              </lines>
            </method>
            <method name="get_Ativo" signature="()" line-rate="1" branch-rate="1" complexity="1">
              <lines>
                <line number="11" hits="10" branch="false" />
              </lines>
            </method>
            <method name=".ctor" signature="(Worker.Dtos.Events.ProdutoCriadoEvent)" line-rate="0" branch-rate="1" complexity="1">
              <lines>
                <line number="5" hits="0" branch="false" />
              </lines>
            </method>
          </methods>
          <lines>
            <line number="5" hits="0" branch="false" />
            <line number="7" hits="16" branch="false" />
            <line number="8" hits="16" branch="false" />
            <line number="9" hits="10" branch="false" />
            <line number="10" hits="16" branch="false" />
            <line number="11" hits="10" branch="false" />
          </lines>
        </class>
        <class name="Worker.Dtos.Events.ProdutoExcluidoEvent" filename="D:\# Software Architecture\6SOAT\# Fase 4\quickfood-backend-pedido\src\Worker\Dtos\Events\ProdutoEvent.cs" line-rate="0" branch-rate="1" complexity="1">
          <methods>
            <method name=".ctor" signature="(Worker.Dtos.Events.ProdutoExcluidoEvent)" line-rate="0" branch-rate="1" complexity="1">
              <lines>
                <line number="19" hits="0" branch="false" />
              </lines>
            </method>
          </methods>
          <lines>
            <line number="19" hits="0" branch="false" />
          </lines>
        </class>
      </classes>
    </package>
  </packages>
</coverage>